<?xml version="1.0" encoding="UTF-8"?>
<!-- Generated by org.testng.reporters.JUnitReportReporter -->
<testsuite skipped="0" hostname="LAPTOP-4SP26SR3" name="MagentoTest" tests="1" failures="0" timestamp="21 Jan 2019 10:22:20 GMT" time="79.206" errors="0">
  <testcase name="magento" time="79.206" classname="MagentoTest"/>
</testsuite> <!-- MagentoTest -->
